<?xml version="1.0" encoding="UTF-8"?>
<coverage generated="1571270902987" clover="3.2.0">
  <project timestamp="1571270902987" name="All files">
    <metrics statements="190" coveredstatements="151" conditionals="97" coveredconditionals="52" methods="45" coveredmethods="39" elements="332" coveredelements="242" complexity="0" loc="190" ncloc="190" packages="8" files="10" classes="10"/>
    <package name="Components">
      <metrics statements="2" coveredstatements="2" conditionals="0" coveredconditionals="0" methods="1" coveredmethods="1"/>
      <file name="App.jsx" path="C:\Users\maro\Tic-tac-toe\src\Components\App.jsx">
        <metrics statements="2" coveredstatements="2" conditionals="0" coveredconditionals="0" methods="1" coveredmethods="1"/>
        <line num="6" count="1" type="stmt"/>
        <line num="7" count="5" type="stmt"/>
      </file>
    </package>
    <package name="Components.Board">
      <metrics statements="8" coveredstatements="8" conditionals="4" coveredconditionals="2" methods="4" coveredmethods="4"/>
      <file name="Board.jsx" path="C:\Users\maro\Tic-tac-toe\src\Components\Board\Board.jsx">
        <metrics statements="8" coveredstatements="8" conditionals="4" coveredconditionals="2" methods="4" coveredmethods="4"/>
        <line num="6" count="1" type="stmt"/>
        <line num="9" count="17" type="stmt"/>
        <line num="11" count="17" type="stmt"/>
        <line num="12" count="5" type="stmt"/>
        <line num="15" count="17" type="stmt"/>
        <line num="18" count="153" type="cond" truecount="1" falsecount="1"/>
        <line num="19" count="153" type="stmt"/>
        <line num="23" count="4" type="stmt"/>
      </file>
    </package>
    <package name="Components.Board.Cell">
      <metrics statements="2" coveredstatements="2" conditionals="0" coveredconditionals="0" methods="1" coveredmethods="1"/>
      <file name="Cell.jsx" path="C:\Users\maro\Tic-tac-toe\src\Components\Board\Cell\Cell.jsx">
        <metrics statements="2" coveredstatements="2" conditionals="0" coveredconditionals="0" methods="1" coveredmethods="1"/>
        <line num="5" count="1" type="stmt"/>
        <line num="8" count="153" type="stmt"/>
      </file>
    </package>
    <package name="Components.Context">
      <metrics statements="49" coveredstatements="36" conditionals="15" coveredconditionals="3" methods="13" coveredmethods="12"/>
      <file name="BoardContext.js" path="C:\Users\maro\Tic-tac-toe\src\Components\Context\BoardContext.js">
        <metrics statements="49" coveredstatements="36" conditionals="15" coveredconditionals="3" methods="13" coveredmethods="12"/>
        <line num="5" count="1" type="stmt"/>
        <line num="7" count="1" type="stmt"/>
        <line num="8" count="17" type="stmt"/>
        <line num="9" count="17" type="stmt"/>
        <line num="11" count="17" type="stmt"/>
        <line num="12" count="17" type="stmt"/>
        <line num="13" count="17" type="stmt"/>
        <line num="14" count="17" type="stmt"/>
        <line num="15" count="17" type="stmt"/>
        <line num="17" count="17" type="stmt"/>
        <line num="18" count="1" type="cond" truecount="1" falsecount="1"/>
        <line num="19" count="1" type="stmt"/>
        <line num="21" count="0" type="stmt"/>
        <line num="25" count="17" type="stmt"/>
        <line num="26" count="9" type="stmt"/>
        <line num="27" count="9" type="stmt"/>
        <line num="28" count="9" type="stmt"/>
        <line num="29" count="9" type="stmt"/>
        <line num="33" count="17" type="stmt"/>
        <line num="34" count="0" type="cond" truecount="0" falsecount="2"/>
        <line num="35" count="0" type="cond" truecount="0" falsecount="3"/>
        <line num="37" count="0" type="cond" truecount="0" falsecount="2"/>
        <line num="38" count="0" type="stmt"/>
        <line num="40" count="0" type="stmt"/>
        <line num="42" count="0" type="stmt"/>
        <line num="44" count="0" type="cond" truecount="0" falsecount="2"/>
        <line num="45" count="0" type="stmt"/>
        <line num="47" count="0" type="stmt"/>
        <line num="49" count="0" type="stmt"/>
        <line num="51" count="0" type="stmt"/>
        <line num="56" count="17" type="stmt"/>
        <line num="57" count="4" type="cond" truecount="1" falsecount="1"/>
        <line num="58" count="0" type="stmt"/>
        <line num="60" count="4" type="stmt"/>
        <line num="63" count="17" type="stmt"/>
        <line num="64" count="7" type="stmt"/>
        <line num="65" count="7" type="stmt"/>
        <line num="66" count="63" type="stmt"/>
        <line num="67" count="63" type="stmt"/>
        <line num="68" count="7" type="stmt"/>
        <line num="71" count="17" type="stmt"/>
        <line num="72" count="4" type="cond" truecount="1" falsecount="1"/>
        <line num="73" count="4" type="stmt"/>
        <line num="74" count="4" type="stmt"/>
        <line num="75" count="4" type="stmt"/>
        <line num="76" count="4" type="stmt"/>
        <line num="78" count="4" type="stmt"/>
        <line num="82" count="17" type="stmt"/>
        <line num="97" count="1" type="stmt"/>
      </file>
    </package>
    <package name="Components.Dropdown">
      <metrics statements="18" coveredstatements="15" conditionals="2" coveredconditionals="2" methods="8" coveredmethods="5"/>
      <file name="Dropdown.js" path="C:\Users\maro\Tic-tac-toe\src\Components\Dropdown\Dropdown.js">
        <metrics statements="18" coveredstatements="15" conditionals="2" coveredconditionals="2" methods="8" coveredmethods="5"/>
        <line num="6" count="1" type="stmt"/>
        <line num="9" count="35" type="stmt"/>
        <line num="11" count="35" type="stmt"/>
        <line num="12" count="35" type="stmt"/>
        <line num="14" count="35" type="stmt"/>
        <line num="15" count="1" type="stmt"/>
        <line num="18" count="35" type="stmt"/>
        <line num="19" count="0" type="stmt"/>
        <line num="20" count="0" type="stmt"/>
        <line num="23" count="35" type="stmt"/>
        <line num="24" count="0" type="stmt"/>
        <line num="27" count="35" type="stmt"/>
        <line num="28" count="1" type="stmt"/>
        <line num="29" count="1" type="stmt"/>
        <line num="30" count="1" type="stmt"/>
        <line num="33" count="35" type="stmt"/>
        <line num="45" count="2" type="stmt"/>
        <line num="60" count="1" type="stmt"/>
      </file>
    </package>
    <package name="Components.GameContainer">
      <metrics statements="8" coveredstatements="7" conditionals="6" coveredconditionals="2" methods="1" coveredmethods="1"/>
      <file name="Container.js" path="C:\Users\maro\Tic-tac-toe\src\Components\GameContainer\Container.js">
        <metrics statements="8" coveredstatements="7" conditionals="6" coveredconditionals="2" methods="1" coveredmethods="1"/>
        <line num="8" count="1" type="stmt"/>
        <line num="10" count="17" type="stmt"/>
        <line num="11" count="17" type="stmt"/>
        <line num="15" count="17" type="stmt"/>
        <line num="17" count="17" type="cond" truecount="1" falsecount="1"/>
        <line num="18" count="0" type="cond" truecount="0" falsecount="2"/>
        <line num="21" count="17" type="cond" truecount="1" falsecount="1"/>
        <line num="24" count="17" type="stmt"/>
      </file>
    </package>
    <package name="Components.Result">
      <metrics statements="3" coveredstatements="2" conditionals="0" coveredconditionals="0" methods="1" coveredmethods="0"/>
      <file name="Result.jsx" path="C:\Users\maro\Tic-tac-toe\src\Components\Result\Result.jsx">
        <metrics statements="3" coveredstatements="2" conditionals="0" coveredconditionals="0" methods="1" coveredmethods="0"/>
        <line num="4" count="1" type="stmt"/>
        <line num="5" count="0" type="stmt"/>
        <line num="16" count="1" type="stmt"/>
      </file>
    </package>
    <package name="Utils">
      <metrics statements="100" coveredstatements="79" conditionals="70" coveredconditionals="43" methods="16" coveredmethods="15"/>
      <file name="Board.js" path="C:\Users\maro\Tic-tac-toe\src\Utils\Board.js">
        <metrics statements="22" coveredstatements="20" conditionals="18" coveredconditionals="14" methods="8" coveredmethods="8"/>
        <line num="3" count="263" type="stmt"/>
        <line num="7" count="720" type="stmt"/>
        <line num="11" count="1632" type="stmt"/>
        <line num="15" count="720" type="cond" truecount="1" falsecount="1"/>
        <line num="17" count="720" type="stmt"/>
        <line num="27" count="720" type="stmt"/>
        <line num="28" count="720" type="stmt"/>
        <line num="29" count="5760" type="cond" truecount="2" falsecount="0"/>
        <line num="30" count="5760" type="stmt"/>
        <line num="31" count="5760" type="cond" truecount="4" falsecount="1"/>
        <line num="32" count="0" type="stmt"/>
        <line num="34" count="5760" type="stmt"/>
        <line num="36" count="720" type="cond" truecount="1" falsecount="1"/>
        <line num="37" count="0" type="stmt"/>
        <line num="41" count="720" type="stmt"/>
        <line num="46" count="265" type="cond" truecount="3" falsecount="1"/>
        <line num="47" count="265" type="stmt"/>
        <line num="48" count="265" type="stmt"/>
        <line num="52" count="36" type="stmt"/>
        <line num="53" count="36" type="stmt"/>
        <line num="54" count="324" type="cond" truecount="2" falsecount="0"/>
        <line num="56" count="36" type="stmt"/>
      </file>
      <file name="Controls.js" path="C:\Users\maro\Tic-tac-toe\src\Utils\Controls.js">
        <metrics statements="30" coveredstatements="25" conditionals="18" coveredconditionals="10" methods="3" coveredmethods="3"/>
        <line num="12" count="7" type="stmt"/>
        <line num="13" count="7" type="stmt"/>
        <line num="14" count="7" type="stmt"/>
        <line num="15" count="7" type="stmt"/>
        <line num="16" count="7" type="stmt"/>
        <line num="18" count="7" type="cond" truecount="2" falsecount="0"/>
        <line num="19" count="1" type="stmt"/>
        <line num="20" count="1" type="stmt"/>
        <line num="21" count="1" type="cond" truecount="1" falsecount="1"/>
        <line num="22" count="1" type="stmt"/>
        <line num="23" count="1" type="stmt"/>
        <line num="24" count="1" type="stmt"/>
        <line num="29" count="4" type="cond" truecount="3" falsecount="1"/>
        <line num="30" count="4" type="cond" truecount="1" falsecount="1"/>
        <line num="31" count="4" type="stmt"/>
        <line num="32" count="4" type="stmt"/>
        <line num="34" count="4" type="cond" truecount="1" falsecount="1"/>
        <line num="35" count="0" type="stmt"/>
        <line num="36" count="0" type="stmt"/>
        <line num="37" count="0" type="stmt"/>
        <line num="40" count="4" type="stmt"/>
        <line num="41" count="4" type="stmt"/>
        <line num="42" count="4" type="cond" truecount="1" falsecount="1"/>
        <line num="43" count="4" type="stmt"/>
        <line num="44" count="4" type="stmt"/>
        <line num="45" count="4" type="cond" truecount="1" falsecount="1"/>
        <line num="46" count="0" type="stmt"/>
        <line num="47" count="0" type="stmt"/>
        <line num="49" count="4" type="stmt"/>
        <line num="51" count="4" type="stmt"/>
      </file>
      <file name="Player.js" path="C:\Users\maro\Tic-tac-toe\src\Utils\Player.js">
        <metrics statements="48" coveredstatements="34" conditionals="34" coveredconditionals="19" methods="5" coveredmethods="4"/>
        <line num="5" count="7" type="stmt"/>
        <line num="6" count="7" type="stmt"/>
        <line num="10" count="260" type="cond" truecount="2" falsecount="0"/>
        <line num="11" count="260" type="cond" truecount="4" falsecount="0"/>
        <line num="12" count="224" type="cond" truecount="1" falsecount="1"/>
        <line num="13" count="0" type="stmt"/>
        <line num="14" count="224" type="cond" truecount="1" falsecount="1"/>
        <line num="15" count="0" type="stmt"/>
        <line num="17" count="224" type="stmt"/>
        <line num="20" count="36" type="cond" truecount="2" falsecount="0"/>
        <line num="21" count="32" type="stmt"/>
        <line num="22" count="32" type="stmt"/>
        <line num="23" count="224" type="stmt"/>
        <line num="24" count="224" type="stmt"/>
        <line num="25" count="224" type="stmt"/>
        <line num="26" count="224" type="stmt"/>
        <line num="28" count="224" type="cond" truecount="1" falsecount="1"/>
        <line num="29" count="0" type="cond" truecount="0" falsecount="2"/>
        <line num="30" count="0" type="stmt"/>
        <line num="34" count="32" type="cond" truecount="1" falsecount="1"/>
        <line num="36" count="0" type="cond" truecount="0" falsecount="2"/>
        <line num="37" count="0" type="stmt"/>
        <line num="38" count="0" type="stmt"/>
        <line num="39" count="0" type="stmt"/>
        <line num="41" count="0" type="stmt"/>
        <line num="44" count="0" type="stmt"/>
        <line num="45" count="0" type="stmt"/>
        <line num="47" count="32" type="stmt"/>
        <line num="50" count="4" type="cond" truecount="1" falsecount="1"/>
        <line num="51" count="4" type="stmt"/>
        <line num="52" count="4" type="stmt"/>
        <line num="53" count="32" type="stmt"/>
        <line num="54" count="32" type="stmt"/>
        <line num="56" count="32" type="stmt"/>
        <line num="57" count="32" type="stmt"/>
        <line num="59" count="32" type="cond" truecount="1" falsecount="1"/>
        <line num="60" count="32" type="cond" truecount="2" falsecount="0"/>
        <line num="61" count="32" type="stmt"/>
        <line num="65" count="4" type="cond" truecount="1" falsecount="1"/>
        <line num="67" count="4" type="cond" truecount="1" falsecount="1"/>
        <line num="68" count="4" type="stmt"/>
        <line num="69" count="4" type="stmt"/>
        <line num="70" count="4" type="stmt"/>
        <line num="72" count="0" type="stmt"/>
        <line num="75" count="4" type="stmt"/>
        <line num="76" count="4" type="stmt"/>
        <line num="79" count="0" type="stmt"/>
        <line num="81" count="0" type="stmt"/>
      </file>
    </package>
  </project>
</coverage>
