{"C:\\Users\\maro\\Tic-tac-toe\\src\\Components\\App.jsx": {"path":"C:\\Users\\maro\\Tic-tac-toe\\src\\Components\\App.jsx","statementMap":{"0":{"start":{"line":6,"column":12},"end":{"line":10,"column":1}},"1":{"start":{"line":7,"column":2},"end":{"line":9,"column":25}}},"fnMap":{"0":{"name":"(anonymous_0)","decl":{"start":{"line":6,"column":12},"end":{"line":6,"column":13}},"loc":{"start":{"line":7,"column":2},"end":{"line":9,"column":25}},"line":7}},"branchMap":{},"s":{"0":1,"1":5},"f":{"0":5},"b":{},"_coverageSchema":"43e27e138ebf9cfc5966b082cf9a028302ed4184","hash":"ff284b3d8e05b16cabff7f0419b690428784bc63"}
,"C:\\Users\\maro\\Tic-tac-toe\\src\\Components\\Board\\Board.jsx": {"path":"C:\\Users\\maro\\Tic-tac-toe\\src\\Components\\Board\\Board.jsx","statementMap":{"0":{"start":{"line":6,"column":14},"end":{"line":31,"column":1}},"1":{"start":{"line":9,"column":6},"end":{"line":9,"column":36}},"2":{"start":{"line":11,"column":2},"end":{"line":13,"column":9}},"3":{"start":{"line":12,"column":4},"end":{"line":12,"column":18}},"4":{"start":{"line":15,"column":2},"end":{"line":30,"column":4}},"5":{"start":{"line":18,"column":20},"end":{"line":18,"column":64}},"6":{"start":{"line":19,"column":8},"end":{"line":27,"column":10}},"7":{"start":{"line":23,"column":27},"end":{"line":23,"column":45}}},"fnMap":{"0":{"name":"(anonymous_0)","decl":{"start":{"line":6,"column":14},"end":{"line":6,"column":15}},"loc":{"start":{"line":6,"column":20},"end":{"line":31,"column":1}},"line":6},"1":{"name":"(anonymous_1)","decl":{"start":{"line":11,"column":12},"end":{"line":11,"column":13}},"loc":{"start":{"line":11,"column":18},"end":{"line":13,"column":3}},"line":11},"2":{"name":"(anonymous_2)","decl":{"start":{"line":17,"column":17},"end":{"line":17,"column":18}},"loc":{"start":{"line":17,"column":34},"end":{"line":28,"column":7}},"line":17},"3":{"name":"(anonymous_3)","decl":{"start":{"line":23,"column":21},"end":{"line":23,"column":22}},"loc":{"start":{"line":23,"column":27},"end":{"line":23,"column":45}},"line":23}},"branchMap":{"0":{"loc":{"start":{"line":18,"column":20},"end":{"line":18,"column":64}},"type":"cond-expr","locations":[{"start":{"line":18,"column":32},"end":{"line":18,"column":57}},{"start":{"line":18,"column":60},"end":{"line":18,"column":64}}],"line":18},"1":{"loc":{"start":{"line":21,"column":23},"end":{"line":21,"column":66}},"type":"cond-expr","locations":[{"start":{"line":21,"column":29},"end":{"line":21,"column":48}},{"start":{"line":21,"column":51},"end":{"line":21,"column":66}}],"line":21}},"s":{"0":1,"1":17,"2":17,"3":5,"4":17,"5":153,"6":153,"7":4},"f":{"0":17,"1":5,"2":153,"3":4},"b":{"0":[0,153],"1":[0,153]},"_coverageSchema":"43e27e138ebf9cfc5966b082cf9a028302ed4184","hash":"8e5ef81dc0188731564167214042d83db96bc078"}
,"C:\\Users\\maro\\Tic-tac-toe\\src\\Components\\Board\\Cell\\Cell.jsx": {"path":"C:\\Users\\maro\\Tic-tac-toe\\src\\Components\\Board\\Cell\\Cell.jsx","statementMap":{"0":{"start":{"line":5,"column":13},"end":{"line":9,"column":1}},"1":{"start":{"line":8,"column":2},"end":{"line":8,"column":107}}},"fnMap":{"0":{"name":"(anonymous_0)","decl":{"start":{"line":5,"column":13},"end":{"line":5,"column":14}},"loc":{"start":{"line":8,"column":2},"end":{"line":8,"column":107}},"line":8}},"branchMap":{},"s":{"0":1,"1":153},"f":{"0":153},"b":{},"_coverageSchema":"43e27e138ebf9cfc5966b082cf9a028302ed4184","hash":"d655b3bff76c7e3f73a83d45a374329e5154b9d0"}
,"C:\\Users\\maro\\Tic-tac-toe\\src\\Components\\Context\\BoardContext.js": {"path":"C:\\Users\\maro\\Tic-tac-toe\\src\\Components\\Context\\BoardContext.js","statementMap":{"0":{"start":{"line":5,"column":34},"end":{"line":5,"column":49}},"1":{"start":{"line":7,"column":29},"end":{"line":95,"column":1}},"2":{"start":{"line":8,"column":23},"end":{"line":8,"column":59}},"3":{"start":{"line":9,"column":32},"end":{"line":10,"column":39}},"4":{"start":{"line":11,"column":28},"end":{"line":11,"column":50}},"5":{"start":{"line":12,"column":36},"end":{"line":12,"column":50}},"6":{"start":{"line":13,"column":28},"end":{"line":13,"column":39}},"7":{"start":{"line":14,"column":34},"end":{"line":14,"column":45}},"8":{"start":{"line":15,"column":30},"end":{"line":15,"column":44}},"9":{"start":{"line":17,"column":21},"end":{"line":23,"column":3}},"10":{"start":{"line":18,"column":4},"end":{"line":22,"column":5}},"11":{"start":{"line":19,"column":6},"end":{"line":19,"column":25}},"12":{"start":{"line":21,"column":6},"end":{"line":21,"column":22}},"13":{"start":{"line":25,"column":20},"end":{"line":31,"column":3}},"14":{"start":{"line":26,"column":4},"end":{"line":30,"column":7}},"15":{"start":{"line":27,"column":24},"end":{"line":27,"column":38}},"16":{"start":{"line":28,"column":6},"end":{"line":28,"column":35}},"17":{"start":{"line":29,"column":6},"end":{"line":29,"column":23}},"18":{"start":{"line":33,"column":21},"end":{"line":53,"column":3}},"19":{"start":{"line":34,"column":4},"end":{"line":34,"column":52}},"20":{"start":{"line":34,"column":26},"end":{"line":34,"column":50}},"21":{"start":{"line":35,"column":4},"end":{"line":52,"column":5}},"22":{"start":{"line":37,"column":8},"end":{"line":41,"column":9}},"23":{"start":{"line":38,"column":10},"end":{"line":38,"column":23}},"24":{"start":{"line":40,"column":10},"end":{"line":40,"column":23}},"25":{"start":{"line":42,"column":8},"end":{"line":42,"column":14}},"26":{"start":{"line":44,"column":8},"end":{"line":48,"column":9}},"27":{"start":{"line":45,"column":10},"end":{"line":45,"column":23}},"28":{"start":{"line":47,"column":10},"end":{"line":47,"column":23}},"29":{"start":{"line":49,"column":8},"end":{"line":49,"column":14}},"30":{"start":{"line":51,"column":8},"end":{"line":51,"column":22}},"31":{"start":{"line":56,"column":23},"end":{"line":61,"column":3}},"32":{"start":{"line":57,"column":4},"end":{"line":59,"column":5}},"33":{"start":{"line":58,"column":6},"end":{"line":58,"column":18}},"34":{"start":{"line":60,"column":4},"end":{"line":60,"column":17}},"35":{"start":{"line":63,"column":22},"end":{"line":69,"column":3}},"36":{"start":{"line":64,"column":4},"end":{"line":64,"column":20}},"37":{"start":{"line":65,"column":4},"end":{"line":65,"column":23}},"38":{"start":{"line":66,"column":4},"end":{"line":66,"column":53}},"39":{"start":{"line":66,"column":28},"end":{"line":66,"column":51}},"40":{"start":{"line":66,"column":48},"end":{"line":66,"column":50}},"41":{"start":{"line":67,"column":4},"end":{"line":67,"column":58}},"42":{"start":{"line":67,"column":30},"end":{"line":67,"column":56}},"43":{"start":{"line":67,"column":50},"end":{"line":67,"column":55}},"44":{"start":{"line":68,"column":4},"end":{"line":68,"column":49}},"45":{"start":{"line":71,"column":22},"end":{"line":80,"column":3}},"46":{"start":{"line":72,"column":4},"end":{"line":79,"column":5}},"47":{"start":{"line":73,"column":6},"end":{"line":77,"column":9}},"48":{"start":{"line":74,"column":21},"end":{"line":74,"column":35}},"49":{"start":{"line":75,"column":8},"end":{"line":75,"column":27}},"50":{"start":{"line":76,"column":8},"end":{"line":76,"column":20}},"51":{"start":{"line":78,"column":6},"end":{"line":78,"column":50}},"52":{"start":{"line":82,"column":2},"end":{"line":94,"column":4}},"53":{"start":{"line":97,"column":0},"end":{"line":99,"column":2}}},"fnMap":{"0":{"name":"(anonymous_0)","decl":{"start":{"line":7,"column":29},"end":{"line":7,"column":30}},"loc":{"start":{"line":7,"column":47},"end":{"line":95,"column":1}},"line":7},"1":{"name":"(anonymous_1)","decl":{"start":{"line":17,"column":21},"end":{"line":17,"column":22}},"loc":{"start":{"line":17,"column":38},"end":{"line":23,"column":3}},"line":17},"2":{"name":"(anonymous_2)","decl":{"start":{"line":25,"column":20},"end":{"line":25,"column":21}},"loc":{"start":{"line":25,"column":42},"end":{"line":31,"column":3}},"line":25},"3":{"name":"(anonymous_3)","decl":{"start":{"line":26,"column":13},"end":{"line":26,"column":14}},"loc":{"start":{"line":26,"column":28},"end":{"line":30,"column":5}},"line":26},"4":{"name":"(anonymous_4)","decl":{"start":{"line":33,"column":21},"end":{"line":33,"column":22}},"loc":{"start":{"line":33,"column":41},"end":{"line":53,"column":3}},"line":33},"5":{"name":"(anonymous_5)","decl":{"start":{"line":56,"column":23},"end":{"line":56,"column":24}},"loc":{"start":{"line":56,"column":34},"end":{"line":61,"column":3}},"line":56},"6":{"name":"(anonymous_6)","decl":{"start":{"line":63,"column":22},"end":{"line":63,"column":23}},"loc":{"start":{"line":63,"column":28},"end":{"line":69,"column":3}},"line":63},"7":{"name":"(anonymous_7)","decl":{"start":{"line":66,"column":13},"end":{"line":66,"column":14}},"loc":{"start":{"line":66,"column":28},"end":{"line":66,"column":51}},"line":66},"8":{"name":"(anonymous_8)","decl":{"start":{"line":66,"column":42},"end":{"line":66,"column":43}},"loc":{"start":{"line":66,"column":48},"end":{"line":66,"column":50}},"line":66},"9":{"name":"(anonymous_9)","decl":{"start":{"line":67,"column":15},"end":{"line":67,"column":16}},"loc":{"start":{"line":67,"column":30},"end":{"line":67,"column":56}},"line":67},"10":{"name":"(anonymous_10)","decl":{"start":{"line":67,"column":44},"end":{"line":67,"column":45}},"loc":{"start":{"line":67,"column":50},"end":{"line":67,"column":55}},"line":67},"11":{"name":"(anonymous_11)","decl":{"start":{"line":71,"column":22},"end":{"line":71,"column":23}},"loc":{"start":{"line":71,"column":33},"end":{"line":80,"column":3}},"line":71},"12":{"name":"(anonymous_12)","decl":{"start":{"line":73,"column":17},"end":{"line":73,"column":18}},"loc":{"start":{"line":73,"column":32},"end":{"line":77,"column":7}},"line":73}},"branchMap":{"0":{"loc":{"start":{"line":18,"column":4},"end":{"line":22,"column":5}},"type":"if","locations":[{"start":{"line":18,"column":4},"end":{"line":22,"column":5}},{"start":{"line":18,"column":4},"end":{"line":22,"column":5}}],"line":18},"1":{"loc":{"start":{"line":34,"column":4},"end":{"line":34,"column":52}},"type":"if","locations":[{"start":{"line":34,"column":4},"end":{"line":34,"column":52}},{"start":{"line":34,"column":4},"end":{"line":34,"column":52}}],"line":34},"2":{"loc":{"start":{"line":35,"column":4},"end":{"line":52,"column":5}},"type":"switch","locations":[{"start":{"line":36,"column":6},"end":{"line":42,"column":14}},{"start":{"line":43,"column":6},"end":{"line":49,"column":14}},{"start":{"line":50,"column":6},"end":{"line":51,"column":22}}],"line":35},"3":{"loc":{"start":{"line":37,"column":8},"end":{"line":41,"column":9}},"type":"if","locations":[{"start":{"line":37,"column":8},"end":{"line":41,"column":9}},{"start":{"line":37,"column":8},"end":{"line":41,"column":9}}],"line":37},"4":{"loc":{"start":{"line":44,"column":8},"end":{"line":48,"column":9}},"type":"if","locations":[{"start":{"line":44,"column":8},"end":{"line":48,"column":9}},{"start":{"line":44,"column":8},"end":{"line":48,"column":9}}],"line":44},"5":{"loc":{"start":{"line":57,"column":4},"end":{"line":59,"column":5}},"type":"if","locations":[{"start":{"line":57,"column":4},"end":{"line":59,"column":5}},{"start":{"line":57,"column":4},"end":{"line":59,"column":5}}],"line":57},"6":{"loc":{"start":{"line":72,"column":4},"end":{"line":79,"column":5}},"type":"if","locations":[{"start":{"line":72,"column":4},"end":{"line":79,"column":5}},{"start":{"line":72,"column":4},"end":{"line":79,"column":5}}],"line":72}},"s":{"0":1,"1":1,"2":17,"3":17,"4":17,"5":17,"6":17,"7":17,"8":17,"9":17,"10":1,"11":1,"12":0,"13":17,"14":9,"15":9,"16":9,"17":9,"18":17,"19":0,"20":0,"21":0,"22":0,"23":0,"24":0,"25":0,"26":0,"27":0,"28":0,"29":0,"30":0,"31":17,"32":4,"33":0,"34":4,"35":17,"36":7,"37":7,"38":7,"39":7,"40":63,"41":7,"42":7,"43":63,"44":7,"45":17,"46":4,"47":4,"48":4,"49":4,"50":4,"51":4,"52":17,"53":1},"f":{"0":17,"1":1,"2":9,"3":9,"4":0,"5":4,"6":7,"7":7,"8":63,"9":7,"10":63,"11":4,"12":4},"b":{"0":[1,0],"1":[0,0],"2":[0,0,0],"3":[0,0],"4":[0,0],"5":[0,4],"6":[4,0]},"_coverageSchema":"43e27e138ebf9cfc5966b082cf9a028302ed4184","hash":"fed5b229f6cf62957e2cb12e43dd39c17a5f7d47"}
,"C:\\Users\\maro\\Tic-tac-toe\\src\\Components\\Dropdown\\Dropdown.js": {"path":"C:\\Users\\maro\\Tic-tac-toe\\src\\Components\\Dropdown\\Dropdown.js","statementMap":{"0":{"start":{"line":6,"column":17},"end":{"line":58,"column":1}},"1":{"start":{"line":9,"column":22},"end":{"line":9,"column":30}},"2":{"start":{"line":11,"column":30},"end":{"line":11,"column":45}},"3":{"start":{"line":12,"column":28},"end":{"line":12,"column":50}},"4":{"start":{"line":14,"column":22},"end":{"line":16,"column":3}},"5":{"start":{"line":15,"column":4},"end":{"line":15,"column":43}},"6":{"start":{"line":15,"column":30},"end":{"line":15,"column":40}},"7":{"start":{"line":18,"column":21},"end":{"line":21,"column":3}},"8":{"start":{"line":19,"column":20},"end":{"line":19,"column":54}},"9":{"start":{"line":19,"column":37},"end":{"line":19,"column":53}},"10":{"start":{"line":20,"column":4},"end":{"line":20,"column":34}},"11":{"start":{"line":23,"column":22},"end":{"line":25,"column":3}},"12":{"start":{"line":24,"column":4},"end":{"line":24,"column":38}},"13":{"start":{"line":27,"column":23},"end":{"line":31,"column":3}},"14":{"start":{"line":28,"column":4},"end":{"line":28,"column":33}},"15":{"start":{"line":29,"column":4},"end":{"line":29,"column":35}},"16":{"start":{"line":30,"column":4},"end":{"line":30,"column":21}},"17":{"start":{"line":33,"column":2},"end":{"line":57,"column":4}},"18":{"start":{"line":45,"column":12},"end":{"line":52,"column":17}},"19":{"start":{"line":60,"column":0},"end":{"line":66,"column":2}}},"fnMap":{"0":{"name":"(anonymous_0)","decl":{"start":{"line":6,"column":17},"end":{"line":6,"column":18}},"loc":{"start":{"line":8,"column":6},"end":{"line":58,"column":1}},"line":8},"1":{"name":"(anonymous_1)","decl":{"start":{"line":14,"column":22},"end":{"line":14,"column":23}},"loc":{"start":{"line":14,"column":28},"end":{"line":16,"column":3}},"line":14},"2":{"name":"(anonymous_2)","decl":{"start":{"line":15,"column":15},"end":{"line":15,"column":16}},"loc":{"start":{"line":15,"column":30},"end":{"line":15,"column":40}},"line":15},"3":{"name":"(anonymous_3)","decl":{"start":{"line":18,"column":21},"end":{"line":18,"column":22}},"loc":{"start":{"line":18,"column":27},"end":{"line":21,"column":3}},"line":18},"4":{"name":"(anonymous_4)","decl":{"start":{"line":19,"column":31},"end":{"line":19,"column":32}},"loc":{"start":{"line":19,"column":37},"end":{"line":19,"column":53}},"line":19},"5":{"name":"(anonymous_5)","decl":{"start":{"line":23,"column":22},"end":{"line":23,"column":23}},"loc":{"start":{"line":23,"column":28},"end":{"line":25,"column":3}},"line":23},"6":{"name":"(anonymous_6)","decl":{"start":{"line":27,"column":23},"end":{"line":27,"column":24}},"loc":{"start":{"line":27,"column":30},"end":{"line":31,"column":3}},"line":27},"7":{"name":"(anonymous_7)","decl":{"start":{"line":44,"column":23},"end":{"line":44,"column":24}},"loc":{"start":{"line":45,"column":12},"end":{"line":52,"column":17}},"line":45}},"branchMap":{"0":{"loc":{"start":{"line":42,"column":7},"end":{"line":55,"column":14}},"type":"cond-expr","locations":[{"start":{"line":43,"column":8},"end":{"line":54,"column":13}},{"start":{"line":55,"column":10},"end":{"line":55,"column":14}}],"line":42}},"s":{"0":1,"1":35,"2":35,"3":35,"4":35,"5":1,"6":1,"7":35,"8":0,"9":0,"10":0,"11":35,"12":0,"13":35,"14":1,"15":1,"16":1,"17":35,"18":2,"19":1},"f":{"0":35,"1":1,"2":1,"3":0,"4":0,"5":0,"6":1,"7":2},"b":{"0":[1,34]},"_coverageSchema":"43e27e138ebf9cfc5966b082cf9a028302ed4184","hash":"854aae0fa4c9359c704305a700a01bc3a023d328"}
,"C:\\Users\\maro\\Tic-tac-toe\\src\\Components\\GameContainer\\Container.js": {"path":"C:\\Users\\maro\\Tic-tac-toe\\src\\Components\\GameContainer\\Container.js","statementMap":{"0":{"start":{"line":8,"column":18},"end":{"line":35,"column":1}},"1":{"start":{"line":10,"column":20},"end":{"line":10,"column":107}},"2":{"start":{"line":11,"column":19},"end":{"line":11,"column":80}},"3":{"start":{"line":15,"column":6},"end":{"line":15,"column":36}},"4":{"start":{"line":17,"column":2},"end":{"line":22,"column":3}},"5":{"start":{"line":18,"column":4},"end":{"line":19,"column":135}},"6":{"start":{"line":21,"column":4},"end":{"line":21,"column":136}},"7":{"start":{"line":24,"column":2},"end":{"line":34,"column":4}}},"fnMap":{"0":{"name":"(anonymous_0)","decl":{"start":{"line":8,"column":18},"end":{"line":8,"column":19}},"loc":{"start":{"line":8,"column":24},"end":{"line":35,"column":1}},"line":8}},"branchMap":{"0":{"loc":{"start":{"line":17,"column":2},"end":{"line":22,"column":3}},"type":"if","locations":[{"start":{"line":17,"column":2},"end":{"line":22,"column":3}},{"start":{"line":17,"column":2},"end":{"line":22,"column":3}}],"line":17},"1":{"loc":{"start":{"line":18,"column":13},"end":{"line":19,"column":134}},"type":"cond-expr","locations":[{"start":{"line":18,"column":28},"end":{"line":18,"column":134}},{"start":{"line":19,"column":8},"end":{"line":19,"column":134}}],"line":18},"2":{"loc":{"start":{"line":21,"column":13},"end":{"line":21,"column":135}},"type":"cond-expr","locations":[{"start":{"line":21,"column":28},"end":{"line":21,"column":128}},{"start":{"line":21,"column":131},"end":{"line":21,"column":135}}],"line":21}},"s":{"0":1,"1":17,"2":17,"3":17,"4":17,"5":0,"6":17,"7":17},"f":{"0":17},"b":{"0":[0,17],"1":[0,0],"2":[0,17]},"_coverageSchema":"43e27e138ebf9cfc5966b082cf9a028302ed4184","hash":"068a9d88cd8b8bad96b2c3552ef4f936ef723bb0"}
,"C:\\Users\\maro\\Tic-tac-toe\\src\\Components\\Result\\Result.jsx": {"path":"C:\\Users\\maro\\Tic-tac-toe\\src\\Components\\Result\\Result.jsx","statementMap":{"0":{"start":{"line":4,"column":15},"end":{"line":14,"column":1}},"1":{"start":{"line":5,"column":2},"end":{"line":13,"column":8}},"2":{"start":{"line":16,"column":0},"end":{"line":20,"column":2}}},"fnMap":{"0":{"name":"(anonymous_0)","decl":{"start":{"line":4,"column":15},"end":{"line":4,"column":16}},"loc":{"start":{"line":5,"column":2},"end":{"line":13,"column":8}},"line":5}},"branchMap":{},"s":{"0":1,"1":0,"2":1},"f":{"0":0},"b":{},"_coverageSchema":"43e27e138ebf9cfc5966b082cf9a028302ed4184","hash":"f38835adfb5841507b623b722d8526f6fdcbafac"}
,"C:\\Users\\maro\\Tic-tac-toe\\src\\Utils\\Board.js": {"path":"C:\\Users\\maro\\Tic-tac-toe\\src\\Utils\\Board.js","statementMap":{"0":{"start":{"line":3,"column":4},"end":{"line":3,"column":23}},"1":{"start":{"line":7,"column":4},"end":{"line":7,"column":54}},"2":{"start":{"line":7,"column":38},"end":{"line":7,"column":52}},"3":{"start":{"line":11,"column":4},"end":{"line":11,"column":44}},"4":{"start":{"line":11,"column":38},"end":{"line":11,"column":42}},"5":{"start":{"line":15,"column":4},"end":{"line":15,"column":37}},"6":{"start":{"line":15,"column":24},"end":{"line":15,"column":37}},"7":{"start":{"line":17,"column":18},"end":{"line":26,"column":5}},"8":{"start":{"line":27,"column":14},"end":{"line":27,"column":15}},"9":{"start":{"line":28,"column":4},"end":{"line":35,"column":5}},"10":{"start":{"line":28,"column":17},"end":{"line":28,"column":18}},"11":{"start":{"line":29,"column":6},"end":{"line":29,"column":30}},"12":{"start":{"line":30,"column":24},"end":{"line":30,"column":32}},"13":{"start":{"line":31,"column":6},"end":{"line":33,"column":7}},"14":{"start":{"line":32,"column":8},"end":{"line":32,"column":63}},"15":{"start":{"line":34,"column":6},"end":{"line":34,"column":15}},"16":{"start":{"line":36,"column":4},"end":{"line":38,"column":5}},"17":{"start":{"line":37,"column":6},"end":{"line":37,"column":32}},"18":{"start":{"line":41,"column":4},"end":{"line":41,"column":17}},"19":{"start":{"line":46,"column":4},"end":{"line":46,"column":59}},"20":{"start":{"line":46,"column":46},"end":{"line":46,"column":59}},"21":{"start":{"line":47,"column":4},"end":{"line":47,"column":34}},"22":{"start":{"line":48,"column":4},"end":{"line":48,"column":16}},"23":{"start":{"line":52,"column":18},"end":{"line":52,"column":20}},"24":{"start":{"line":53,"column":4},"end":{"line":55,"column":5}},"25":{"start":{"line":53,"column":17},"end":{"line":53,"column":18}},"26":{"start":{"line":54,"column":6},"end":{"line":54,"column":40}},"27":{"start":{"line":54,"column":26},"end":{"line":54,"column":40}},"28":{"start":{"line":56,"column":4},"end":{"line":56,"column":17}}},"fnMap":{"0":{"name":"(anonymous_0)","decl":{"start":{"line":2,"column":2},"end":{"line":2,"column":3}},"loc":{"start":{"line":2,"column":60},"end":{"line":4,"column":3}},"line":2},"1":{"name":"(anonymous_1)","decl":{"start":{"line":6,"column":2},"end":{"line":6,"column":3}},"loc":{"start":{"line":6,"column":12},"end":{"line":8,"column":3}},"line":6},"2":{"name":"(anonymous_2)","decl":{"start":{"line":7,"column":28},"end":{"line":7,"column":29}},"loc":{"start":{"line":7,"column":38},"end":{"line":7,"column":52}},"line":7},"3":{"name":"(anonymous_3)","decl":{"start":{"line":10,"column":2},"end":{"line":10,"column":3}},"loc":{"start":{"line":10,"column":11},"end":{"line":12,"column":3}},"line":10},"4":{"name":"(anonymous_4)","decl":{"start":{"line":11,"column":28},"end":{"line":11,"column":29}},"loc":{"start":{"line":11,"column":38},"end":{"line":11,"column":42}},"line":11},"5":{"name":"(anonymous_5)","decl":{"start":{"line":14,"column":2},"end":{"line":14,"column":3}},"loc":{"start":{"line":14,"column":15},"end":{"line":42,"column":3}},"line":14},"6":{"name":"(anonymous_6)","decl":{"start":{"line":44,"column":2},"end":{"line":44,"column":3}},"loc":{"start":{"line":44,"column":27},"end":{"line":49,"column":3}},"line":44},"7":{"name":"(anonymous_7)","decl":{"start":{"line":51,"column":2},"end":{"line":51,"column":3}},"loc":{"start":{"line":51,"column":22},"end":{"line":57,"column":3}},"line":51}},"branchMap":{"0":{"loc":{"start":{"line":2,"column":14},"end":{"line":2,"column":58}},"type":"default-arg","locations":[{"start":{"line":2,"column":22},"end":{"line":2,"column":58}}],"line":2},"1":{"loc":{"start":{"line":15,"column":4},"end":{"line":15,"column":37}},"type":"if","locations":[{"start":{"line":15,"column":4},"end":{"line":15,"column":37}},{"start":{"line":15,"column":4},"end":{"line":15,"column":37}}],"line":15},"2":{"loc":{"start":{"line":29,"column":12},"end":{"line":29,"column":29}},"type":"cond-expr","locations":[{"start":{"line":29,"column":22},"end":{"line":29,"column":23}},{"start":{"line":29,"column":26},"end":{"line":29,"column":29}}],"line":29},"3":{"loc":{"start":{"line":31,"column":6},"end":{"line":33,"column":7}},"type":"if","locations":[{"start":{"line":31,"column":6},"end":{"line":33,"column":7}},{"start":{"line":31,"column":6},"end":{"line":33,"column":7}}],"line":31},"4":{"loc":{"start":{"line":31,"column":10},"end":{"line":31,"column":93}},"type":"binary-expr","locations":[{"start":{"line":31,"column":10},"end":{"line":31,"column":41}},{"start":{"line":31,"column":45},"end":{"line":31,"column":76}},{"start":{"line":31,"column":80},"end":{"line":31,"column":93}}],"line":31},"5":{"loc":{"start":{"line":36,"column":4},"end":{"line":38,"column":5}},"type":"if","locations":[{"start":{"line":36,"column":4},"end":{"line":38,"column":5}},{"start":{"line":36,"column":4},"end":{"line":38,"column":5}}],"line":36},"6":{"loc":{"start":{"line":46,"column":4},"end":{"line":46,"column":59}},"type":"if","locations":[{"start":{"line":46,"column":4},"end":{"line":46,"column":59}},{"start":{"line":46,"column":4},"end":{"line":46,"column":59}}],"line":46},"7":{"loc":{"start":{"line":46,"column":8},"end":{"line":46,"column":44}},"type":"binary-expr","locations":[{"start":{"line":46,"column":8},"end":{"line":46,"column":20}},{"start":{"line":46,"column":24},"end":{"line":46,"column":44}}],"line":46},"8":{"loc":{"start":{"line":54,"column":6},"end":{"line":54,"column":40}},"type":"if","locations":[{"start":{"line":54,"column":6},"end":{"line":54,"column":40}},{"start":{"line":54,"column":6},"end":{"line":54,"column":40}}],"line":54}},"s":{"0":263,"1":720,"2":720,"3":720,"4":1632,"5":720,"6":0,"7":720,"8":720,"9":720,"10":720,"11":5760,"12":5760,"13":5760,"14":0,"15":5760,"16":720,"17":0,"18":720,"19":265,"20":0,"21":265,"22":265,"23":36,"24":36,"25":36,"26":324,"27":256,"28":36},"f":{"0":263,"1":720,"2":720,"3":720,"4":1632,"5":720,"6":265,"7":36},"b":{"0":[7],"1":[0,720],"2":[1440,4320],"3":[0,5760],"4":[5760,2260,1385],"5":[0,720],"6":[0,265],"7":[265,265],"8":[256,68]},"_coverageSchema":"43e27e138ebf9cfc5966b082cf9a028302ed4184","hash":"3b052f8d8577c217183ed56f26438d593c08e303"}
,"C:\\Users\\maro\\Tic-tac-toe\\src\\Utils\\Controls.js": {"path":"C:\\Users\\maro\\Tic-tac-toe\\src\\Utils\\Controls.js","statementMap":{"0":{"start":{"line":12,"column":4},"end":{"line":12,"column":44}},"1":{"start":{"line":13,"column":4},"end":{"line":13,"column":29}},"2":{"start":{"line":14,"column":4},"end":{"line":14,"column":43}},"3":{"start":{"line":15,"column":4},"end":{"line":15,"column":36}},"4":{"start":{"line":16,"column":4},"end":{"line":16,"column":36}},"5":{"start":{"line":18,"column":4},"end":{"line":25,"column":5}},"6":{"start":{"line":19,"column":23},"end":{"line":19,"column":38}},"7":{"start":{"line":20,"column":26},"end":{"line":20,"column":79}},"8":{"start":{"line":21,"column":21},"end":{"line":21,"column":49}},"9":{"start":{"line":22,"column":6},"end":{"line":22,"column":45}},"10":{"start":{"line":23,"column":6},"end":{"line":23,"column":37}},"11":{"start":{"line":24,"column":6},"end":{"line":24,"column":26}},"12":{"start":{"line":29,"column":4},"end":{"line":29,"column":66}},"13":{"start":{"line":29,"column":53},"end":{"line":29,"column":66}},"14":{"start":{"line":30,"column":17},"end":{"line":30,"column":44}},"15":{"start":{"line":31,"column":4},"end":{"line":31,"column":37}},"16":{"start":{"line":32,"column":4},"end":{"line":32,"column":29}},"17":{"start":{"line":34,"column":4},"end":{"line":38,"column":5}},"18":{"start":{"line":35,"column":36},"end":{"line":35,"column":59}},"19":{"start":{"line":36,"column":6},"end":{"line":36,"column":36}},"20":{"start":{"line":37,"column":6},"end":{"line":37,"column":23}},"21":{"start":{"line":40,"column":4},"end":{"line":40,"column":24}},"22":{"start":{"line":41,"column":4},"end":{"line":50,"column":7}},"23":{"start":{"line":42,"column":6},"end":{"line":42,"column":44}},"24":{"start":{"line":43,"column":6},"end":{"line":43,"column":38}},"25":{"start":{"line":44,"column":6},"end":{"line":44,"column":30}},"26":{"start":{"line":45,"column":6},"end":{"line":48,"column":7}},"27":{"start":{"line":46,"column":38},"end":{"line":46,"column":61}},"28":{"start":{"line":47,"column":8},"end":{"line":47,"column":38}},"29":{"start":{"line":49,"column":6},"end":{"line":49,"column":26}},"30":{"start":{"line":51,"column":4},"end":{"line":51,"column":21}}},"fnMap":{"0":{"name":"(anonymous_0)","decl":{"start":{"line":11,"column":2},"end":{"line":11,"column":3}},"loc":{"start":{"line":11,"column":53},"end":{"line":26,"column":3}},"line":11},"1":{"name":"(anonymous_1)","decl":{"start":{"line":28,"column":2},"end":{"line":28,"column":3}},"loc":{"start":{"line":28,"column":37},"end":{"line":52,"column":3}},"line":28},"2":{"name":"(anonymous_2)","decl":{"start":{"line":41,"column":58},"end":{"line":41,"column":59}},"loc":{"start":{"line":41,"column":68},"end":{"line":50,"column":5}},"line":41}},"branchMap":{"0":{"loc":{"start":{"line":11,"column":10},"end":{"line":11,"column":20}},"type":"default-arg","locations":[{"start":{"line":11,"column":18},"end":{"line":11,"column":20}}],"line":11},"1":{"loc":{"start":{"line":11,"column":22},"end":{"line":11,"column":40}},"type":"default-arg","locations":[{"start":{"line":11,"column":39},"end":{"line":11,"column":40}}],"line":11},"2":{"loc":{"start":{"line":18,"column":4},"end":{"line":25,"column":5}},"type":"if","locations":[{"start":{"line":18,"column":4},"end":{"line":25,"column":5}},{"start":{"line":18,"column":4},"end":{"line":25,"column":5}}],"line":18},"3":{"loc":{"start":{"line":21,"column":21},"end":{"line":21,"column":49}},"type":"cond-expr","locations":[{"start":{"line":21,"column":40},"end":{"line":21,"column":43}},{"start":{"line":21,"column":46},"end":{"line":21,"column":49}}],"line":21},"4":{"loc":{"start":{"line":29,"column":4},"end":{"line":29,"column":66}},"type":"if","locations":[{"start":{"line":29,"column":4},"end":{"line":29,"column":66}},{"start":{"line":29,"column":4},"end":{"line":29,"column":66}}],"line":29},"5":{"loc":{"start":{"line":29,"column":8},"end":{"line":29,"column":51}},"type":"binary-expr","locations":[{"start":{"line":29,"column":8},"end":{"line":29,"column":31}},{"start":{"line":29,"column":35},"end":{"line":29,"column":51}}],"line":29},"6":{"loc":{"start":{"line":30,"column":17},"end":{"line":30,"column":44}},"type":"cond-expr","locations":[{"start":{"line":30,"column":35},"end":{"line":30,"column":38}},{"start":{"line":30,"column":41},"end":{"line":30,"column":44}}],"line":30},"7":{"loc":{"start":{"line":34,"column":4},"end":{"line":38,"column":5}},"type":"if","locations":[{"start":{"line":34,"column":4},"end":{"line":38,"column":5}},{"start":{"line":34,"column":4},"end":{"line":38,"column":5}}],"line":34},"8":{"loc":{"start":{"line":42,"column":15},"end":{"line":42,"column":43}},"type":"cond-expr","locations":[{"start":{"line":42,"column":34},"end":{"line":42,"column":37}},{"start":{"line":42,"column":40},"end":{"line":42,"column":43}}],"line":42},"9":{"loc":{"start":{"line":45,"column":6},"end":{"line":48,"column":7}},"type":"if","locations":[{"start":{"line":45,"column":6},"end":{"line":48,"column":7}},{"start":{"line":45,"column":6},"end":{"line":48,"column":7}}],"line":45}},"s":{"0":7,"1":7,"2":7,"3":7,"4":7,"5":7,"6":1,"7":1,"8":1,"9":1,"10":1,"11":1,"12":4,"13":0,"14":4,"15":4,"16":4,"17":4,"18":0,"19":0,"20":0,"21":4,"22":4,"23":4,"24":4,"25":4,"26":4,"27":0,"28":0,"29":4,"30":4},"f":{"0":7,"1":4,"2":4},"b":{"0":[0],"1":[0],"2":[1,6],"3":[1,0],"4":[0,4],"5":[4,4],"6":[4,0],"7":[0,4],"8":[0,4],"9":[0,4]},"_coverageSchema":"43e27e138ebf9cfc5966b082cf9a028302ed4184","hash":"b8c09abfae475d7e6497426900bed2302eb18736"}
,"C:\\Users\\maro\\Tic-tac-toe\\src\\Utils\\Player.js": {"path":"C:\\Users\\maro\\Tic-tac-toe\\src\\Utils\\Player.js","statementMap":{"0":{"start":{"line":5,"column":4},"end":{"line":5,"column":30}},"1":{"start":{"line":6,"column":4},"end":{"line":6,"column":31}},"2":{"start":{"line":10,"column":4},"end":{"line":10,"column":44}},"3":{"start":{"line":10,"column":21},"end":{"line":10,"column":44}},"4":{"start":{"line":11,"column":4},"end":{"line":18,"column":5}},"5":{"start":{"line":12,"column":6},"end":{"line":14,"column":7}},"6":{"start":{"line":13,"column":8},"end":{"line":13,"column":27}},"7":{"start":{"line":14,"column":8},"end":{"line":16,"column":7}},"8":{"start":{"line":15,"column":8},"end":{"line":15,"column":28}},"9":{"start":{"line":17,"column":6},"end":{"line":17,"column":15}},"10":{"start":{"line":20,"column":4},"end":{"line":48,"column":5}},"11":{"start":{"line":21,"column":17},"end":{"line":21,"column":21}},"12":{"start":{"line":22,"column":6},"end":{"line":32,"column":9}},"13":{"start":{"line":23,"column":22},"end":{"line":23,"column":49}},"14":{"start":{"line":24,"column":8},"end":{"line":24,"column":33}},"15":{"start":{"line":25,"column":26},"end":{"line":25,"column":77}},"16":{"start":{"line":26,"column":8},"end":{"line":26,"column":41}},"17":{"start":{"line":28,"column":8},"end":{"line":31,"column":9}},"18":{"start":{"line":29,"column":24},"end":{"line":29,"column":107}},"19":{"start":{"line":30,"column":10},"end":{"line":30,"column":47}},"20":{"start":{"line":34,"column":6},"end":{"line":46,"column":7}},"21":{"start":{"line":36,"column":8},"end":{"line":42,"column":9}},"22":{"start":{"line":37,"column":22},"end":{"line":37,"column":57}},"23":{"start":{"line":38,"column":23},"end":{"line":38,"column":61}},"24":{"start":{"line":39,"column":10},"end":{"line":39,"column":26}},"25":{"start":{"line":41,"column":10},"end":{"line":41,"column":41}},"26":{"start":{"line":44,"column":8},"end":{"line":44,"column":22}},"27":{"start":{"line":45,"column":8},"end":{"line":45,"column":19}},"28":{"start":{"line":47,"column":6},"end":{"line":47,"column":18}},"29":{"start":{"line":50,"column":4},"end":{"line":80,"column":5}},"30":{"start":{"line":51,"column":17},"end":{"line":51,"column":20}},"31":{"start":{"line":52,"column":6},"end":{"line":63,"column":9}},"32":{"start":{"line":53,"column":22},"end":{"line":53,"column":49}},"33":{"start":{"line":54,"column":8},"end":{"line":54,"column":33}},"34":{"start":{"line":56,"column":26},"end":{"line":56,"column":76}},"35":{"start":{"line":57,"column":8},"end":{"line":57,"column":41}},"36":{"start":{"line":59,"column":8},"end":{"line":62,"column":9}},"37":{"start":{"line":60,"column":24},"end":{"line":60,"column":107}},"38":{"start":{"line":61,"column":10},"end":{"line":61,"column":47}},"39":{"start":{"line":65,"column":6},"end":{"line":77,"column":7}},"40":{"start":{"line":67,"column":8},"end":{"line":73,"column":9}},"41":{"start":{"line":68,"column":22},"end":{"line":68,"column":57}},"42":{"start":{"line":69,"column":23},"end":{"line":69,"column":61}},"43":{"start":{"line":70,"column":10},"end":{"line":70,"column":26}},"44":{"start":{"line":72,"column":10},"end":{"line":72,"column":41}},"45":{"start":{"line":75,"column":8},"end":{"line":75,"column":22}},"46":{"start":{"line":76,"column":8},"end":{"line":76,"column":19}},"47":{"start":{"line":79,"column":6},"end":{"line":79,"column":18}},"48":{"start":{"line":81,"column":4},"end":{"line":81,"column":21}}},"fnMap":{"0":{"name":"(anonymous_0)","decl":{"start":{"line":4,"column":2},"end":{"line":4,"column":3}},"loc":{"start":{"line":4,"column":29},"end":{"line":7,"column":3}},"line":4},"1":{"name":"(anonymous_1)","decl":{"start":{"line":9,"column":2},"end":{"line":9,"column":3}},"loc":{"start":{"line":9,"column":72},"end":{"line":82,"column":3}},"line":9},"2":{"name":"(anonymous_2)","decl":{"start":{"line":9,"column":51},"end":{"line":9,"column":52}},"loc":{"start":{"line":9,"column":57},"end":{"line":9,"column":59}},"line":9},"3":{"name":"(anonymous_3)","decl":{"start":{"line":22,"column":40},"end":{"line":22,"column":41}},"loc":{"start":{"line":22,"column":51},"end":{"line":32,"column":7}},"line":22},"4":{"name":"(anonymous_4)","decl":{"start":{"line":52,"column":40},"end":{"line":52,"column":41}},"loc":{"start":{"line":52,"column":51},"end":{"line":63,"column":7}},"line":52}},"branchMap":{"0":{"loc":{"start":{"line":4,"column":14},"end":{"line":4,"column":27}},"type":"default-arg","locations":[{"start":{"line":4,"column":25},"end":{"line":4,"column":27}}],"line":4},"1":{"loc":{"start":{"line":9,"column":21},"end":{"line":9,"column":38}},"type":"default-arg","locations":[{"start":{"line":9,"column":34},"end":{"line":9,"column":38}}],"line":9},"2":{"loc":{"start":{"line":9,"column":40},"end":{"line":9,"column":59}},"type":"default-arg","locations":[{"start":{"line":9,"column":51},"end":{"line":9,"column":59}}],"line":9},"3":{"loc":{"start":{"line":9,"column":61},"end":{"line":9,"column":70}},"type":"default-arg","locations":[{"start":{"line":9,"column":69},"end":{"line":9,"column":70}}],"line":9},"4":{"loc":{"start":{"line":10,"column":4},"end":{"line":10,"column":44}},"type":"if","locations":[{"start":{"line":10,"column":4},"end":{"line":10,"column":44}},{"start":{"line":10,"column":4},"end":{"line":10,"column":44}}],"line":10},"5":{"loc":{"start":{"line":11,"column":4},"end":{"line":18,"column":5}},"type":"if","locations":[{"start":{"line":11,"column":4},"end":{"line":18,"column":5}},{"start":{"line":11,"column":4},"end":{"line":18,"column":5}}],"line":11},"6":{"loc":{"start":{"line":11,"column":8},"end":{"line":11,"column":54}},"type":"binary-expr","locations":[{"start":{"line":11,"column":8},"end":{"line":11,"column":26}},{"start":{"line":11,"column":30},"end":{"line":11,"column":54}}],"line":11},"7":{"loc":{"start":{"line":12,"column":6},"end":{"line":14,"column":7}},"type":"if","locations":[{"start":{"line":12,"column":6},"end":{"line":14,"column":7}},{"start":{"line":12,"column":6},"end":{"line":14,"column":7}}],"line":12},"8":{"loc":{"start":{"line":14,"column":8},"end":{"line":16,"column":7}},"type":"if","locations":[{"start":{"line":14,"column":8},"end":{"line":16,"column":7}},{"start":{"line":14,"column":8},"end":{"line":16,"column":7}}],"line":14},"9":{"loc":{"start":{"line":20,"column":4},"end":{"line":48,"column":5}},"type":"if","locations":[{"start":{"line":20,"column":4},"end":{"line":48,"column":5}},{"start":{"line":20,"column":4},"end":{"line":48,"column":5}}],"line":20},"10":{"loc":{"start":{"line":28,"column":8},"end":{"line":31,"column":9}},"type":"if","locations":[{"start":{"line":28,"column":8},"end":{"line":31,"column":9}},{"start":{"line":28,"column":8},"end":{"line":31,"column":9}}],"line":28},"11":{"loc":{"start":{"line":29,"column":24},"end":{"line":29,"column":107}},"type":"cond-expr","locations":[{"start":{"line":29,"column":56},"end":{"line":29,"column":99}},{"start":{"line":29,"column":102},"end":{"line":29,"column":107}}],"line":29},"12":{"loc":{"start":{"line":34,"column":6},"end":{"line":46,"column":7}},"type":"if","locations":[{"start":{"line":34,"column":6},"end":{"line":46,"column":7}},{"start":{"line":34,"column":6},"end":{"line":46,"column":7}}],"line":34},"13":{"loc":{"start":{"line":36,"column":8},"end":{"line":42,"column":9}},"type":"if","locations":[{"start":{"line":36,"column":8},"end":{"line":42,"column":9}},{"start":{"line":36,"column":8},"end":{"line":42,"column":9}}],"line":36},"14":{"loc":{"start":{"line":50,"column":4},"end":{"line":80,"column":5}},"type":"if","locations":[{"start":{"line":50,"column":4},"end":{"line":80,"column":5}},{"start":{"line":50,"column":4},"end":{"line":80,"column":5}}],"line":50},"15":{"loc":{"start":{"line":59,"column":8},"end":{"line":62,"column":9}},"type":"if","locations":[{"start":{"line":59,"column":8},"end":{"line":62,"column":9}},{"start":{"line":59,"column":8},"end":{"line":62,"column":9}}],"line":59},"16":{"loc":{"start":{"line":60,"column":24},"end":{"line":60,"column":107}},"type":"cond-expr","locations":[{"start":{"line":60,"column":56},"end":{"line":60,"column":99}},{"start":{"line":60,"column":102},"end":{"line":60,"column":107}}],"line":60},"17":{"loc":{"start":{"line":65,"column":6},"end":{"line":77,"column":7}},"type":"if","locations":[{"start":{"line":65,"column":6},"end":{"line":77,"column":7}},{"start":{"line":65,"column":6},"end":{"line":77,"column":7}}],"line":65},"18":{"loc":{"start":{"line":67,"column":8},"end":{"line":73,"column":9}},"type":"if","locations":[{"start":{"line":67,"column":8},"end":{"line":73,"column":9}},{"start":{"line":67,"column":8},"end":{"line":73,"column":9}}],"line":67}},"s":{"0":7,"1":7,"2":260,"3":4,"4":260,"5":224,"6":0,"7":224,"8":0,"9":224,"10":36,"11":32,"12":32,"13":224,"14":224,"15":224,"16":224,"17":224,"18":0,"19":0,"20":32,"21":0,"22":0,"23":0,"24":0,"25":0,"26":0,"27":0,"28":32,"29":4,"30":4,"31":4,"32":32,"33":32,"34":32,"35":32,"36":32,"37":32,"38":32,"39":4,"40":4,"41":4,"42":4,"43":4,"44":0,"45":4,"46":4,"47":0,"48":0},"f":{"0":7,"1":260,"2":0,"3":224,"4":32},"b":{"0":[0],"1":[0],"2":[0],"3":[4],"4":[4,256],"5":[224,36],"6":[260,260],"7":[0,224],"8":[0,224],"9":[32,4],"10":[0,224],"11":[0,0],"12":[0,32],"13":[0,0],"14":[4,0],"15":[32,0],"16":[28,4],"17":[4,0],"18":[4,0]},"_coverageSchema":"43e27e138ebf9cfc5966b082cf9a028302ed4184","hash":"c3033abb3e46d5ce5872d248b80b8825ffcd34b8"}
}
