TN:
SF:C:\Users\maro\Tic-tac-toe\src\Components\App.jsx
FN:6,(anonymous_0)
FNF:1
FNH:1
FNDA:5,(anonymous_0)
DA:6,1
DA:7,5
LF:2
LH:2
BRF:0
BRH:0
end_of_record
TN:
SF:C:\Users\maro\Tic-tac-toe\src\Components\Board\Board.jsx
FN:6,(anonymous_0)
FN:11,(anonymous_1)
FN:17,(anonymous_2)
FN:23,(anonymous_3)
FNF:4
FNH:4
FNDA:17,(anonymous_0)
FNDA:5,(anonymous_1)
FNDA:153,(anonymous_2)
FNDA:4,(anonymous_3)
DA:6,1
DA:9,17
DA:11,17
DA:12,5
DA:15,17
DA:18,153
DA:19,153
DA:23,4
LF:8
LH:8
BRDA:18,0,0,0
BRDA:18,0,1,153
BRDA:21,1,0,0
BRDA:21,1,1,153
BRF:4
BRH:2
end_of_record
TN:
SF:C:\Users\maro\Tic-tac-toe\src\Components\Board\Cell\Cell.jsx
FN:5,(anonymous_0)
FNF:1
FNH:1
FNDA:153,(anonymous_0)
DA:5,1
DA:8,153
LF:2
LH:2
BRF:0
BRH:0
end_of_record
TN:
SF:C:\Users\maro\Tic-tac-toe\src\Components\Context\BoardContext.js
FN:7,(anonymous_0)
FN:17,(anonymous_1)
FN:25,(anonymous_2)
FN:26,(anonymous_3)
FN:33,(anonymous_4)
FN:56,(anonymous_5)
FN:63,(anonymous_6)
FN:66,(anonymous_7)
FN:66,(anonymous_8)
FN:67,(anonymous_9)
FN:67,(anonymous_10)
FN:71,(anonymous_11)
FN:73,(anonymous_12)
FNF:13
FNH:12
FNDA:17,(anonymous_0)
FNDA:1,(anonymous_1)
FNDA:9,(anonymous_2)
FNDA:9,(anonymous_3)
FNDA:0,(anonymous_4)
FNDA:4,(anonymous_5)
FNDA:7,(anonymous_6)
FNDA:7,(anonymous_7)
FNDA:63,(anonymous_8)
FNDA:7,(anonymous_9)
FNDA:63,(anonymous_10)
FNDA:4,(anonymous_11)
FNDA:4,(anonymous_12)
DA:5,1
DA:7,1
DA:8,17
DA:9,17
DA:11,17
DA:12,17
DA:13,17
DA:14,17
DA:15,17
DA:17,17
DA:18,1
DA:19,1
DA:21,0
DA:25,17
DA:26,9
DA:27,9
DA:28,9
DA:29,9
DA:33,17
DA:34,0
DA:35,0
DA:37,0
DA:38,0
DA:40,0
DA:42,0
DA:44,0
DA:45,0
DA:47,0
DA:49,0
DA:51,0
DA:56,17
DA:57,4
DA:58,0
DA:60,4
DA:63,17
DA:64,7
DA:65,7
DA:66,63
DA:67,63
DA:68,7
DA:71,17
DA:72,4
DA:73,4
DA:74,4
DA:75,4
DA:76,4
DA:78,4
DA:82,17
DA:97,1
LF:49
LH:36
BRDA:18,0,0,1
BRDA:18,0,1,0
BRDA:34,1,0,0
BRDA:34,1,1,0
BRDA:35,2,0,0
BRDA:35,2,1,0
BRDA:35,2,2,0
BRDA:37,3,0,0
BRDA:37,3,1,0
BRDA:44,4,0,0
BRDA:44,4,1,0
BRDA:57,5,0,0
BRDA:57,5,1,4
BRDA:72,6,0,4
BRDA:72,6,1,0
BRF:15
BRH:3
end_of_record
TN:
SF:C:\Users\maro\Tic-tac-toe\src\Components\Dropdown\Dropdown.js
FN:6,(anonymous_0)
FN:14,(anonymous_1)
FN:15,(anonymous_2)
FN:18,(anonymous_3)
FN:19,(anonymous_4)
FN:23,(anonymous_5)
FN:27,(anonymous_6)
FN:44,(anonymous_7)
FNF:8
FNH:5
FNDA:35,(anonymous_0)
FNDA:1,(anonymous_1)
FNDA:1,(anonymous_2)
FNDA:0,(anonymous_3)
FNDA:0,(anonymous_4)
FNDA:0,(anonymous_5)
FNDA:1,(anonymous_6)
FNDA:2,(anonymous_7)
DA:6,1
DA:9,35
DA:11,35
DA:12,35
DA:14,35
DA:15,1
DA:18,35
DA:19,0
DA:20,0
DA:23,35
DA:24,0
DA:27,35
DA:28,1
DA:29,1
DA:30,1
DA:33,35
DA:45,2
DA:60,1
LF:18
LH:15
BRDA:42,0,0,1
BRDA:42,0,1,34
BRF:2
BRH:2
end_of_record
TN:
SF:C:\Users\maro\Tic-tac-toe\src\Components\GameContainer\Container.js
FN:8,(anonymous_0)
FNF:1
FNH:1
FNDA:17,(anonymous_0)
DA:8,1
DA:10,17
DA:11,17
DA:15,17
DA:17,17
DA:18,0
DA:21,17
DA:24,17
LF:8
LH:7
BRDA:17,0,0,0
BRDA:17,0,1,17
BRDA:18,1,0,0
BRDA:18,1,1,0
BRDA:21,2,0,0
BRDA:21,2,1,17
BRF:6
BRH:2
end_of_record
TN:
SF:C:\Users\maro\Tic-tac-toe\src\Components\Result\Result.jsx
FN:4,(anonymous_0)
FNF:1
FNH:0
FNDA:0,(anonymous_0)
DA:4,1
DA:5,0
DA:16,1
LF:3
LH:2
BRF:0
BRH:0
end_of_record
TN:
SF:C:\Users\maro\Tic-tac-toe\src\Utils\Board.js
FN:2,(anonymous_0)
FN:6,(anonymous_1)
FN:7,(anonymous_2)
FN:10,(anonymous_3)
FN:11,(anonymous_4)
FN:14,(anonymous_5)
FN:44,(anonymous_6)
FN:51,(anonymous_7)
FNF:8
FNH:8
FNDA:263,(anonymous_0)
FNDA:720,(anonymous_1)
FNDA:720,(anonymous_2)
FNDA:720,(anonymous_3)
FNDA:1632,(anonymous_4)
FNDA:720,(anonymous_5)
FNDA:265,(anonymous_6)
FNDA:36,(anonymous_7)
DA:3,263
DA:7,720
DA:11,1632
DA:15,720
DA:17,720
DA:27,720
DA:28,720
DA:29,5760
DA:30,5760
DA:31,5760
DA:32,0
DA:34,5760
DA:36,720
DA:37,0
DA:41,720
DA:46,265
DA:47,265
DA:48,265
DA:52,36
DA:53,36
DA:54,324
DA:56,36
LF:22
LH:20
BRDA:2,0,0,7
BRDA:15,1,0,0
BRDA:15,1,1,720
BRDA:29,2,0,1440
BRDA:29,2,1,4320
BRDA:31,3,0,0
BRDA:31,3,1,5760
BRDA:31,4,0,5760
BRDA:31,4,1,2260
BRDA:31,4,2,1385
BRDA:36,5,0,0
BRDA:36,5,1,720
BRDA:46,6,0,0
BRDA:46,6,1,265
BRDA:46,7,0,265
BRDA:46,7,1,265
BRDA:54,8,0,256
BRDA:54,8,1,68
BRF:18
BRH:14
end_of_record
TN:
SF:C:\Users\maro\Tic-tac-toe\src\Utils\Controls.js
FN:11,(anonymous_0)
FN:28,(anonymous_1)
FN:41,(anonymous_2)
FNF:3
FNH:3
FNDA:7,(anonymous_0)
FNDA:4,(anonymous_1)
FNDA:4,(anonymous_2)
DA:12,7
DA:13,7
DA:14,7
DA:15,7
DA:16,7
DA:18,7
DA:19,1
DA:20,1
DA:21,1
DA:22,1
DA:23,1
DA:24,1
DA:29,4
DA:30,4
DA:31,4
DA:32,4
DA:34,4
DA:35,0
DA:36,0
DA:37,0
DA:40,4
DA:41,4
DA:42,4
DA:43,4
DA:44,4
DA:45,4
DA:46,0
DA:47,0
DA:49,4
DA:51,4
LF:30
LH:25
BRDA:11,0,0,0
BRDA:11,1,0,0
BRDA:18,2,0,1
BRDA:18,2,1,6
BRDA:21,3,0,1
BRDA:21,3,1,0
BRDA:29,4,0,0
BRDA:29,4,1,4
BRDA:29,5,0,4
BRDA:29,5,1,4
BRDA:30,6,0,4
BRDA:30,6,1,0
BRDA:34,7,0,0
BRDA:34,7,1,4
BRDA:42,8,0,0
BRDA:42,8,1,4
BRDA:45,9,0,0
BRDA:45,9,1,4
BRF:18
BRH:10
end_of_record
TN:
SF:C:\Users\maro\Tic-tac-toe\src\Utils\Player.js
FN:4,(anonymous_0)
FN:9,(anonymous_1)
FN:9,(anonymous_2)
FN:22,(anonymous_3)
FN:52,(anonymous_4)
FNF:5
FNH:4
FNDA:7,(anonymous_0)
FNDA:260,(anonymous_1)
FNDA:0,(anonymous_2)
FNDA:224,(anonymous_3)
FNDA:32,(anonymous_4)
DA:5,7
DA:6,7
DA:10,260
DA:11,260
DA:12,224
DA:13,0
DA:14,224
DA:15,0
DA:17,224
DA:20,36
DA:21,32
DA:22,32
DA:23,224
DA:24,224
DA:25,224
DA:26,224
DA:28,224
DA:29,0
DA:30,0
DA:34,32
DA:36,0
DA:37,0
DA:38,0
DA:39,0
DA:41,0
DA:44,0
DA:45,0
DA:47,32
DA:50,4
DA:51,4
DA:52,4
DA:53,32
DA:54,32
DA:56,32
DA:57,32
DA:59,32
DA:60,32
DA:61,32
DA:65,4
DA:67,4
DA:68,4
DA:69,4
DA:70,4
DA:72,0
DA:75,4
DA:76,4
DA:79,0
DA:81,0
LF:48
LH:34
BRDA:4,0,0,0
BRDA:9,1,0,0
BRDA:9,2,0,0
BRDA:9,3,0,4
BRDA:10,4,0,4
BRDA:10,4,1,256
BRDA:11,5,0,224
BRDA:11,5,1,36
BRDA:11,6,0,260
BRDA:11,6,1,260
BRDA:12,7,0,0
BRDA:12,7,1,224
BRDA:14,8,0,0
BRDA:14,8,1,224
BRDA:20,9,0,32
BRDA:20,9,1,4
BRDA:28,10,0,0
BRDA:28,10,1,224
BRDA:29,11,0,0
BRDA:29,11,1,0
BRDA:34,12,0,0
BRDA:34,12,1,32
BRDA:36,13,0,0
BRDA:36,13,1,0
BRDA:50,14,0,4
BRDA:50,14,1,0
BRDA:59,15,0,32
BRDA:59,15,1,0
BRDA:60,16,0,28
BRDA:60,16,1,4
BRDA:65,17,0,4
BRDA:65,17,1,0
BRDA:67,18,0,4
BRDA:67,18,1,0
BRF:34
BRH:19
end_of_record
